2024-09-03 13:24:23,027 DEBUG    root            Loaded Command Group: ['gcloud', 'components']
2024-09-03 13:24:23,029 DEBUG    root            Loaded Command Group: ['gcloud', 'components', 'update']
2024-09-03 13:24:23,032 DEBUG    root            Running [gcloud.components.update] with arguments: [--quiet: "True", COMPONENT-IDS:8: "['gcloud', 'core', 'bq', 'gsutil', 'compute', 'preview', 'alpha', 'beta']"]
2024-09-03 13:24:23,033 INFO     ___FILE_ONLY___ Beginning update. This process may take several minutes.

2024-09-03 13:24:23,042 DEBUG    urllib3.connectionpool Starting new HTTPS connection (1): dl.google.com:443
2024-09-03 13:24:23,105 DEBUG    urllib3.connectionpool https://dl.google.com:443 "GET /dl/cloudsdk/channels/rapid/components-2.json HTTP/1.1" 200 229029
2024-09-03 13:24:23,124 WARNING  root            Component [compute] no longer exists.
2024-09-03 13:24:23,125 WARNING  root            Component [preview] no longer exists.
2024-09-03 13:24:23,126 INFO     ___FILE_ONLY___ 

2024-09-03 13:24:23,127 INFO     ___FILE_ONLY___ 
Your current Google Cloud CLI version is: 490.0.0

2024-09-03 13:24:23,127 INFO     ___FILE_ONLY___ Installing components from version: 490.0.0

2024-09-03 13:24:23,127 INFO     ___FILE_ONLY___ 

2024-09-03 13:24:23,127 DEBUG    root            Chosen display Format:table[box,title="These components will be removed."](details.display_name:label=Name:align=left,version.version_string:label=Version:align=right,data.size.size(zero="",min=1048576):label=Size:align=right)
2024-09-03 13:24:23,128 DEBUG    root            Chosen display Format:table[box,title="These components will be updated."](details.display_name:label=Name:align=left,version.version_string:label=Version:align=right,data.size.size(zero="",min=1048576):label=Size:align=right)
2024-09-03 13:24:23,129 DEBUG    root            Chosen display Format:table[box,title="These components will be installed."](details.display_name:label=Name:align=left,version.version_string:label=Version:align=right,data.size.size(zero="",min=1048576):label=Size:align=right)
2024-09-03 13:24:23,147 INFO     ___FILE_ONLY___ ┌──────────────────────────────────────────────┐
2024-09-03 13:24:23,148 INFO     ___FILE_ONLY___ 

2024-09-03 13:24:23,148 INFO     ___FILE_ONLY___ │     These components will be installed.      │
2024-09-03 13:24:23,148 INFO     ___FILE_ONLY___ 

2024-09-03 13:24:23,148 INFO     ___FILE_ONLY___ ├───────────────────────┬────────────┬─────────┤
2024-09-03 13:24:23,148 INFO     ___FILE_ONLY___ 

2024-09-03 13:24:23,148 INFO     ___FILE_ONLY___ │          Name         │  Version   │   Size  │
2024-09-03 13:24:23,148 INFO     ___FILE_ONLY___ 

2024-09-03 13:24:23,148 INFO     ___FILE_ONLY___ ├───────────────────────┼────────────┼─────────┤
2024-09-03 13:24:23,148 INFO     ___FILE_ONLY___ 

2024-09-03 13:24:23,148 INFO     ___FILE_ONLY___ │ 
2024-09-03 13:24:23,148 INFO     ___FILE_ONLY___ gcloud Alpha Commands
2024-09-03 13:24:23,149 INFO     ___FILE_ONLY___  
2024-09-03 13:24:23,149 INFO     ___FILE_ONLY___ │ 
2024-09-03 13:24:23,149 INFO     ___FILE_ONLY___ 2024.08.23
2024-09-03 13:24:23,149 INFO     ___FILE_ONLY___  
2024-09-03 13:24:23,149 INFO     ___FILE_ONLY___ │ 
2024-09-03 13:24:23,149 INFO     ___FILE_ONLY___ < 1 MiB
2024-09-03 13:24:23,149 INFO     ___FILE_ONLY___  
2024-09-03 13:24:23,149 INFO     ___FILE_ONLY___ │
2024-09-03 13:24:23,149 INFO     ___FILE_ONLY___ 

2024-09-03 13:24:23,150 INFO     ___FILE_ONLY___ │ 
2024-09-03 13:24:23,150 INFO     ___FILE_ONLY___ gcloud Beta Commands 
2024-09-03 13:24:23,150 INFO     ___FILE_ONLY___  
2024-09-03 13:24:23,150 INFO     ___FILE_ONLY___ │ 
2024-09-03 13:24:23,150 INFO     ___FILE_ONLY___ 2024.08.23
2024-09-03 13:24:23,150 INFO     ___FILE_ONLY___  
2024-09-03 13:24:23,150 INFO     ___FILE_ONLY___ │ 
2024-09-03 13:24:23,150 INFO     ___FILE_ONLY___ < 1 MiB
2024-09-03 13:24:23,150 INFO     ___FILE_ONLY___  
2024-09-03 13:24:23,150 INFO     ___FILE_ONLY___ │
2024-09-03 13:24:23,151 INFO     ___FILE_ONLY___ 

2024-09-03 13:24:23,151 INFO     ___FILE_ONLY___ └───────────────────────┴────────────┴─────────┘
2024-09-03 13:24:23,151 INFO     ___FILE_ONLY___ 

2024-09-03 13:24:23,151 INFO     ___FILE_ONLY___ 

2024-09-03 13:24:23,154 DEBUG    urllib3.connectionpool Starting new HTTPS connection (1): dl.google.com:443
2024-09-03 13:24:23,214 DEBUG    urllib3.connectionpool https://dl.google.com:443 "GET /dl/cloudsdk/channels/rapid/RELEASE_NOTES HTTP/1.1" 200 1262868
2024-09-03 13:24:23,286 INFO     ___FILE_ONLY___ For the latest full release notes, please visit:
  https://cloud.google.com/sdk/release_notes


2024-09-03 13:24:23,287 INFO     ___FILE_ONLY___ Performing in place update...


2024-09-03 13:24:23,289 INFO     ___FILE_ONLY___ ╔════════════════════════════════════════════════════════════╗

2024-09-03 13:24:23,289 INFO     ___FILE_ONLY___ ╠═ Downloading: gcloud Alpha Commands                       ═╣

2024-09-03 13:24:23,289 INFO     ___FILE_ONLY___ ╚
2024-09-03 13:24:23,293 DEBUG    urllib3.connectionpool Starting new HTTPS connection (1): dl.google.com:443
2024-09-03 13:24:23,345 DEBUG    urllib3.connectionpool https://dl.google.com:443 "GET /dl/cloudsdk/channels/rapid/components/google-cloud-sdk-alpha-20240823153932.tar.gz HTTP/1.1" 200 800
2024-09-03 13:24:23,345 INFO     ___FILE_ONLY___ ════════════════════════════════════════════════════════════
2024-09-03 13:24:23,345 INFO     ___FILE_ONLY___ ╝

2024-09-03 13:24:23,347 INFO     ___FILE_ONLY___ ╔════════════════════════════════════════════════════════════╗

2024-09-03 13:24:23,347 INFO     ___FILE_ONLY___ ╠═ Downloading: gcloud Beta Commands                        ═╣

2024-09-03 13:24:23,347 INFO     ___FILE_ONLY___ ╚
2024-09-03 13:24:23,351 DEBUG    urllib3.connectionpool Starting new HTTPS connection (1): dl.google.com:443
2024-09-03 13:24:23,432 DEBUG    urllib3.connectionpool https://dl.google.com:443 "GET /dl/cloudsdk/channels/rapid/components/google-cloud-sdk-beta-20240823153932.tar.gz HTTP/1.1" 200 797
2024-09-03 13:24:23,433 INFO     ___FILE_ONLY___ ════════════════════════════════════════════════════════════
2024-09-03 13:24:23,433 INFO     ___FILE_ONLY___ ╝

2024-09-03 13:24:23,435 INFO     ___FILE_ONLY___ ╔════════════════════════════════════════════════════════════╗

2024-09-03 13:24:23,435 INFO     ___FILE_ONLY___ ╠═ Installing: gcloud Alpha Commands                        ═╣

2024-09-03 13:24:23,435 INFO     ___FILE_ONLY___ ╚
2024-09-03 13:24:23,437 INFO     ___FILE_ONLY___ ════════════════════════════════════════════════════════════
2024-09-03 13:24:23,437 INFO     ___FILE_ONLY___ ╝

2024-09-03 13:24:23,445 INFO     ___FILE_ONLY___ ╔════════════════════════════════════════════════════════════╗

2024-09-03 13:24:23,445 INFO     ___FILE_ONLY___ ╠═ Installing: gcloud Beta Commands                         ═╣

2024-09-03 13:24:23,445 INFO     ___FILE_ONLY___ ╚
2024-09-03 13:24:23,446 INFO     ___FILE_ONLY___ ════════════════════════════════════════════════════════════
2024-09-03 13:24:23,446 INFO     ___FILE_ONLY___ ╝

2024-09-03 13:24:23,455 DEBUG    root            Updating notification cache...
2024-09-03 13:24:23,455 INFO     ___FILE_ONLY___ 

2024-09-03 13:24:23,457 INFO     ___FILE_ONLY___ Performing post processing steps...
2024-09-03 13:24:23,457 DEBUG    root            Executing command: ['/tools/google-cloud-sdk/bin/gcloud', 'components', 'post-process']
2024-09-03 13:24:34,249 DEBUG    ___FILE_ONLY___ 
2024-09-03 13:24:34,249 DEBUG    ___FILE_ONLY___ 
2024-09-03 13:24:34,486 INFO     ___FILE_ONLY___ 
Update done!


2024-09-03 13:24:34,489 DEBUG    root            Chosen display Format:none
2024-09-03 13:24:34,489 INFO     root            Display format: "none"
