2024-09-03 13:24:04,100 DEBUG    root            Loaded Command Group: ['gcloud', 'components']
2024-09-03 13:24:04,104 DEBUG    root            Loaded Command Group: ['gcloud', 'components', 'update']
2024-09-03 13:24:04,106 DEBUG    root            Running [gcloud.components.update] with arguments: [--allow-no-backup: "True", --compile-python: "True", --quiet: "True", COMPONENT-IDS:6: "['core', 'gcloud-deps', 'bq', 'gcloud', 'gcloud-crc32c', 'gsutil']"]
2024-09-03 13:24:04,107 INFO     ___FILE_ONLY___ Beginning update. This process may take several minutes.

2024-09-03 13:24:04,138 DEBUG    urllib3.connectionpool Starting new HTTPS connection (1): dl.google.com:443
2024-09-03 13:24:04,197 DEBUG    urllib3.connectionpool https://dl.google.com:443 "GET /dl/cloudsdk/channels/rapid/components-2.json HTTP/1.1" 200 229029
2024-09-03 13:24:04,215 INFO     ___FILE_ONLY___ 

2024-09-03 13:24:04,215 INFO     ___FILE_ONLY___ 
Your current Google Cloud CLI version is: 490.0.0

2024-09-03 13:24:04,215 INFO     ___FILE_ONLY___ Installing components from version: 490.0.0

2024-09-03 13:24:04,215 INFO     ___FILE_ONLY___ 

2024-09-03 13:24:04,216 DEBUG    root            Chosen display Format:table[box,title="These components will be removed."](details.display_name:label=Name:align=left,version.version_string:label=Version:align=right,data.size.size(zero="",min=1048576):label=Size:align=right)
2024-09-03 13:24:04,216 DEBUG    root            Chosen display Format:table[box,title="These components will be updated."](details.display_name:label=Name:align=left,version.version_string:label=Version:align=right,data.size.size(zero="",min=1048576):label=Size:align=right)
2024-09-03 13:24:04,217 DEBUG    root            Chosen display Format:table[box,title="These components will be installed."](details.display_name:label=Name:align=left,version.version_string:label=Version:align=right,data.size.size(zero="",min=1048576):label=Size:align=right)
2024-09-03 13:24:04,257 INFO     ___FILE_ONLY___ ┌─────────────────────────────────────────────────────────────────────────────┐
2024-09-03 13:24:04,257 INFO     ___FILE_ONLY___ 

2024-09-03 13:24:04,257 INFO     ___FILE_ONLY___ │                     These components will be installed.                     │
2024-09-03 13:24:04,258 INFO     ___FILE_ONLY___ 

2024-09-03 13:24:04,258 INFO     ___FILE_ONLY___ ├─────────────────────────────────────────────────────┬────────────┬──────────┤
2024-09-03 13:24:04,258 INFO     ___FILE_ONLY___ 

2024-09-03 13:24:04,258 INFO     ___FILE_ONLY___ │                         Name                        │  Version   │   Size   │
2024-09-03 13:24:04,258 INFO     ___FILE_ONLY___ 

2024-09-03 13:24:04,258 INFO     ___FILE_ONLY___ ├─────────────────────────────────────────────────────┼────────────┼──────────┤
2024-09-03 13:24:04,258 INFO     ___FILE_ONLY___ 

2024-09-03 13:24:04,258 INFO     ___FILE_ONLY___ │ 
2024-09-03 13:24:04,258 INFO     ___FILE_ONLY___ BigQuery Command Line Tool                         
2024-09-03 13:24:04,258 INFO     ___FILE_ONLY___  
2024-09-03 13:24:04,258 INFO     ___FILE_ONLY___ │ 
2024-09-03 13:24:04,259 INFO     ___FILE_ONLY___      2.1.8
2024-09-03 13:24:04,259 INFO     ___FILE_ONLY___  
2024-09-03 13:24:04,259 INFO     ___FILE_ONLY___ │ 
2024-09-03 13:24:04,259 INFO     ___FILE_ONLY___  1.7 MiB
2024-09-03 13:24:04,259 INFO     ___FILE_ONLY___  
2024-09-03 13:24:04,259 INFO     ___FILE_ONLY___ │
2024-09-03 13:24:04,259 INFO     ___FILE_ONLY___ 

2024-09-03 13:24:04,259 INFO     ___FILE_ONLY___ │ 
2024-09-03 13:24:04,259 INFO     ___FILE_ONLY___ BigQuery Command Line Tool (Platform Specific)     
2024-09-03 13:24:04,259 INFO     ___FILE_ONLY___  
2024-09-03 13:24:04,259 INFO     ___FILE_ONLY___ │ 
2024-09-03 13:24:04,260 INFO     ___FILE_ONLY___    2.0.101
2024-09-03 13:24:04,260 INFO     ___FILE_ONLY___  
2024-09-03 13:24:04,260 INFO     ___FILE_ONLY___ │ 
2024-09-03 13:24:04,260 INFO     ___FILE_ONLY___  < 1 MiB
2024-09-03 13:24:04,260 INFO     ___FILE_ONLY___  
2024-09-03 13:24:04,260 INFO     ___FILE_ONLY___ │
2024-09-03 13:24:04,260 INFO     ___FILE_ONLY___ 

2024-09-03 13:24:04,260 INFO     ___FILE_ONLY___ │ 
2024-09-03 13:24:04,260 INFO     ___FILE_ONLY___ Bundled Python 3.11 (Platform Specific)            
2024-09-03 13:24:04,260 INFO     ___FILE_ONLY___  
2024-09-03 13:24:04,261 INFO     ___FILE_ONLY___ │ 
2024-09-03 13:24:04,261 INFO     ___FILE_ONLY___     3.11.9
2024-09-03 13:24:04,261 INFO     ___FILE_ONLY___  
2024-09-03 13:24:04,261 INFO     ___FILE_ONLY___ │ 
2024-09-03 13:24:04,261 INFO     ___FILE_ONLY___ 74.2 MiB
2024-09-03 13:24:04,261 INFO     ___FILE_ONLY___  
2024-09-03 13:24:04,261 INFO     ___FILE_ONLY___ │
2024-09-03 13:24:04,261 INFO     ___FILE_ONLY___ 

2024-09-03 13:24:04,261 INFO     ___FILE_ONLY___ │ 
2024-09-03 13:24:04,261 INFO     ___FILE_ONLY___ Cloud Storage Command Line Tool                    
2024-09-03 13:24:04,261 INFO     ___FILE_ONLY___  
2024-09-03 13:24:04,262 INFO     ___FILE_ONLY___ │ 
2024-09-03 13:24:04,262 INFO     ___FILE_ONLY___       5.30
2024-09-03 13:24:04,262 INFO     ___FILE_ONLY___  
2024-09-03 13:24:04,262 INFO     ___FILE_ONLY___ │ 
2024-09-03 13:24:04,262 INFO     ___FILE_ONLY___ 11.3 MiB
2024-09-03 13:24:04,262 INFO     ___FILE_ONLY___  
2024-09-03 13:24:04,262 INFO     ___FILE_ONLY___ │
2024-09-03 13:24:04,262 INFO     ___FILE_ONLY___ 

2024-09-03 13:24:04,262 INFO     ___FILE_ONLY___ │ 
2024-09-03 13:24:04,262 INFO     ___FILE_ONLY___ Cloud Storage Command Line Tool (Platform Specific)
2024-09-03 13:24:04,262 INFO     ___FILE_ONLY___  
2024-09-03 13:24:04,262 INFO     ___FILE_ONLY___ │ 
2024-09-03 13:24:04,263 INFO     ___FILE_ONLY___       5.27
2024-09-03 13:24:04,263 INFO     ___FILE_ONLY___  
2024-09-03 13:24:04,263 INFO     ___FILE_ONLY___ │ 
2024-09-03 13:24:04,263 INFO     ___FILE_ONLY___  < 1 MiB
2024-09-03 13:24:04,263 INFO     ___FILE_ONLY___  
2024-09-03 13:24:04,263 INFO     ___FILE_ONLY___ │
2024-09-03 13:24:04,263 INFO     ___FILE_ONLY___ 

2024-09-03 13:24:04,263 INFO     ___FILE_ONLY___ │ 
2024-09-03 13:24:04,263 INFO     ___FILE_ONLY___ Google Cloud CLI Core Libraries (Platform Specific)
2024-09-03 13:24:04,263 INFO     ___FILE_ONLY___  
2024-09-03 13:24:04,263 INFO     ___FILE_ONLY___ │ 
2024-09-03 13:24:04,264 INFO     ___FILE_ONLY___ 2024.01.06
2024-09-03 13:24:04,264 INFO     ___FILE_ONLY___  
2024-09-03 13:24:04,264 INFO     ___FILE_ONLY___ │ 
2024-09-03 13:24:04,264 INFO     ___FILE_ONLY___  < 1 MiB
2024-09-03 13:24:04,264 INFO     ___FILE_ONLY___  
2024-09-03 13:24:04,264 INFO     ___FILE_ONLY___ │
2024-09-03 13:24:04,264 INFO     ___FILE_ONLY___ 

2024-09-03 13:24:04,264 INFO     ___FILE_ONLY___ │ 
2024-09-03 13:24:04,264 INFO     ___FILE_ONLY___ Google Cloud CRC32C Hash Tool (Platform Specific)  
2024-09-03 13:24:04,264 INFO     ___FILE_ONLY___  
2024-09-03 13:24:04,264 INFO     ___FILE_ONLY___ │ 
2024-09-03 13:24:04,265 INFO     ___FILE_ONLY___      1.0.0
2024-09-03 13:24:04,265 INFO     ___FILE_ONLY___  
2024-09-03 13:24:04,265 INFO     ___FILE_ONLY___ │ 
2024-09-03 13:24:04,265 INFO     ___FILE_ONLY___  1.3 MiB
2024-09-03 13:24:04,265 INFO     ___FILE_ONLY___  
2024-09-03 13:24:04,265 INFO     ___FILE_ONLY___ │
2024-09-03 13:24:04,265 INFO     ___FILE_ONLY___ 

2024-09-03 13:24:04,265 INFO     ___FILE_ONLY___ │ 
2024-09-03 13:24:04,265 INFO     ___FILE_ONLY___ gcloud cli dependencies (Platform Specific)        
2024-09-03 13:24:04,265 INFO     ___FILE_ONLY___  
2024-09-03 13:24:04,265 INFO     ___FILE_ONLY___ │ 
2024-09-03 13:24:04,265 INFO     ___FILE_ONLY___ 2021.04.16
2024-09-03 13:24:04,266 INFO     ___FILE_ONLY___  
2024-09-03 13:24:04,266 INFO     ___FILE_ONLY___ │ 
2024-09-03 13:24:04,266 INFO     ___FILE_ONLY___  < 1 MiB
2024-09-03 13:24:04,266 INFO     ___FILE_ONLY___  
2024-09-03 13:24:04,266 INFO     ___FILE_ONLY___ │
2024-09-03 13:24:04,266 INFO     ___FILE_ONLY___ 

2024-09-03 13:24:04,266 INFO     ___FILE_ONLY___ └─────────────────────────────────────────────────────┴────────────┴──────────┘
2024-09-03 13:24:04,266 INFO     ___FILE_ONLY___ 

2024-09-03 13:24:04,266 INFO     ___FILE_ONLY___ 

2024-09-03 13:24:04,269 DEBUG    urllib3.connectionpool Starting new HTTPS connection (1): dl.google.com:443
2024-09-03 13:24:04,329 DEBUG    urllib3.connectionpool https://dl.google.com:443 "GET /dl/cloudsdk/channels/rapid/RELEASE_NOTES HTTP/1.1" 200 1262868
2024-09-03 13:24:04,395 INFO     ___FILE_ONLY___ For the latest full release notes, please visit:
  https://cloud.google.com/sdk/release_notes


2024-09-03 13:24:04,395 INFO     ___FILE_ONLY___ Performing in place update...


2024-09-03 13:24:04,397 INFO     ___FILE_ONLY___ ╔════════════════════════════════════════════════════════════╗

2024-09-03 13:24:04,397 INFO     ___FILE_ONLY___ ╠═ Downloading: BigQuery Command Line Tool                  ═╣

2024-09-03 13:24:04,397 INFO     ___FILE_ONLY___ ╚
2024-09-03 13:24:04,400 DEBUG    urllib3.connectionpool Starting new HTTPS connection (1): dl.google.com:443
2024-09-03 13:24:04,456 DEBUG    urllib3.connectionpool https://dl.google.com:443 "GET /dl/cloudsdk/channels/rapid/components/google-cloud-sdk-bq-20240816183020.tar.gz HTTP/1.1" 200 1818208
2024-09-03 13:24:04,468 INFO     ___FILE_ONLY___ ═
2024-09-03 13:24:04,468 INFO     ___FILE_ONLY___ ═
2024-09-03 13:24:04,468 INFO     ___FILE_ONLY___ ═
2024-09-03 13:24:04,468 INFO     ___FILE_ONLY___ ═
2024-09-03 13:24:04,468 INFO     ___FILE_ONLY___ ═
2024-09-03 13:24:04,468 INFO     ___FILE_ONLY___ ═
2024-09-03 13:24:04,468 INFO     ___FILE_ONLY___ ═
2024-09-03 13:24:04,468 INFO     ___FILE_ONLY___ ═
2024-09-03 13:24:04,469 INFO     ___FILE_ONLY___ ═
2024-09-03 13:24:04,469 INFO     ___FILE_ONLY___ ═
2024-09-03 13:24:04,469 INFO     ___FILE_ONLY___ ═
2024-09-03 13:24:04,469 INFO     ___FILE_ONLY___ ═
2024-09-03 13:24:04,469 INFO     ___FILE_ONLY___ ═
2024-09-03 13:24:04,469 INFO     ___FILE_ONLY___ ═
2024-09-03 13:24:04,469 INFO     ___FILE_ONLY___ ═
2024-09-03 13:24:04,469 INFO     ___FILE_ONLY___ ═
2024-09-03 13:24:04,469 INFO     ___FILE_ONLY___ ═
2024-09-03 13:24:04,469 INFO     ___FILE_ONLY___ ═
2024-09-03 13:24:04,470 INFO     ___FILE_ONLY___ ═
2024-09-03 13:24:04,470 INFO     ___FILE_ONLY___ ═
2024-09-03 13:24:04,470 INFO     ___FILE_ONLY___ ═
2024-09-03 13:24:04,470 INFO     ___FILE_ONLY___ ═
2024-09-03 13:24:04,470 INFO     ___FILE_ONLY___ ═
2024-09-03 13:24:04,470 INFO     ___FILE_ONLY___ ═
2024-09-03 13:24:04,470 INFO     ___FILE_ONLY___ ═
2024-09-03 13:24:04,470 INFO     ___FILE_ONLY___ ═
2024-09-03 13:24:04,470 INFO     ___FILE_ONLY___ ═
2024-09-03 13:24:04,470 INFO     ___FILE_ONLY___ ═
2024-09-03 13:24:04,471 INFO     ___FILE_ONLY___ ═
2024-09-03 13:24:04,471 INFO     ___FILE_ONLY___ ═
2024-09-03 13:24:04,471 INFO     ___FILE_ONLY___ ═
2024-09-03 13:24:04,471 INFO     ___FILE_ONLY___ ═
2024-09-03 13:24:04,471 INFO     ___FILE_ONLY___ ═
2024-09-03 13:24:04,471 INFO     ___FILE_ONLY___ ═
2024-09-03 13:24:04,471 INFO     ___FILE_ONLY___ ═
2024-09-03 13:24:04,471 INFO     ___FILE_ONLY___ ═
2024-09-03 13:24:04,471 INFO     ___FILE_ONLY___ ═
2024-09-03 13:24:04,471 INFO     ___FILE_ONLY___ ═
2024-09-03 13:24:04,472 INFO     ___FILE_ONLY___ ═
2024-09-03 13:24:04,472 INFO     ___FILE_ONLY___ ═
2024-09-03 13:24:04,472 INFO     ___FILE_ONLY___ ═
2024-09-03 13:24:04,472 INFO     ___FILE_ONLY___ ═
2024-09-03 13:24:04,472 INFO     ___FILE_ONLY___ ═
2024-09-03 13:24:04,472 INFO     ___FILE_ONLY___ ═
2024-09-03 13:24:04,472 INFO     ___FILE_ONLY___ ═
2024-09-03 13:24:04,472 INFO     ___FILE_ONLY___ ═
2024-09-03 13:24:04,472 INFO     ___FILE_ONLY___ ═
2024-09-03 13:24:04,472 INFO     ___FILE_ONLY___ ═
2024-09-03 13:24:04,473 INFO     ___FILE_ONLY___ ═
2024-09-03 13:24:04,473 INFO     ___FILE_ONLY___ ═
2024-09-03 13:24:04,473 INFO     ___FILE_ONLY___ ═
2024-09-03 13:24:04,473 INFO     ___FILE_ONLY___ ═
2024-09-03 13:24:04,473 INFO     ___FILE_ONLY___ ═
2024-09-03 13:24:04,473 INFO     ___FILE_ONLY___ ═
2024-09-03 13:24:04,473 INFO     ___FILE_ONLY___ ═
2024-09-03 13:24:04,473 INFO     ___FILE_ONLY___ ═
2024-09-03 13:24:04,473 INFO     ___FILE_ONLY___ ═
2024-09-03 13:24:04,474 INFO     ___FILE_ONLY___ ═
2024-09-03 13:24:04,474 INFO     ___FILE_ONLY___ ═
2024-09-03 13:24:04,474 INFO     ___FILE_ONLY___ ═
2024-09-03 13:24:04,474 INFO     ___FILE_ONLY___ ╝

2024-09-03 13:24:04,476 INFO     ___FILE_ONLY___ ╔════════════════════════════════════════════════════════════╗

2024-09-03 13:24:04,476 INFO     ___FILE_ONLY___ ╠═ Downloading: BigQuery Command Line Tool (Platform Spe... ═╣

2024-09-03 13:24:04,476 INFO     ___FILE_ONLY___ ╚
2024-09-03 13:24:04,479 DEBUG    urllib3.connectionpool Starting new HTTPS connection (1): dl.google.com:443
2024-09-03 13:24:04,536 DEBUG    urllib3.connectionpool https://dl.google.com:443 "GET /dl/cloudsdk/channels/rapid/components/google-cloud-sdk-bq-nix-20240106004423.tar.gz HTTP/1.1" 200 2026
2024-09-03 13:24:04,536 INFO     ___FILE_ONLY___ ════════════════════════════════════════════════════════════
2024-09-03 13:24:04,536 INFO     ___FILE_ONLY___ ╝

2024-09-03 13:24:04,538 INFO     ___FILE_ONLY___ ╔════════════════════════════════════════════════════════════╗

2024-09-03 13:24:04,538 INFO     ___FILE_ONLY___ ╠═ Downloading: Bundled Python 3.11                         ═╣

2024-09-03 13:24:04,538 INFO     ___FILE_ONLY___ ╚
2024-09-03 13:24:04,539 INFO     ___FILE_ONLY___ ════════════════════════════════════════════════════════════
2024-09-03 13:24:04,539 INFO     ___FILE_ONLY___ ╝

2024-09-03 13:24:04,540 INFO     ___FILE_ONLY___ ╔════════════════════════════════════════════════════════════╗

2024-09-03 13:24:04,540 INFO     ___FILE_ONLY___ ╠═ Downloading: Bundled Python 3.11 (Platform Specific)     ═╣

2024-09-03 13:24:04,540 INFO     ___FILE_ONLY___ ╚
2024-09-03 13:24:04,543 DEBUG    urllib3.connectionpool Starting new HTTPS connection (1): dl.google.com:443
2024-09-03 13:24:04,600 DEBUG    urllib3.connectionpool https://dl.google.com:443 "GET /dl/cloudsdk/channels/rapid/components/google-cloud-sdk-bundled-python3-unix-linux-x86_64-20240806142304.tar.gz HTTP/1.1" 200 77768547
2024-09-03 13:24:04,869 INFO     ___FILE_ONLY___ ═
2024-09-03 13:24:04,871 INFO     ___FILE_ONLY___ ═
2024-09-03 13:24:04,872 INFO     ___FILE_ONLY___ ═
2024-09-03 13:24:04,874 INFO     ___FILE_ONLY___ ═
2024-09-03 13:24:04,875 INFO     ___FILE_ONLY___ ═
2024-09-03 13:24:04,877 INFO     ___FILE_ONLY___ ═
2024-09-03 13:24:04,879 INFO     ___FILE_ONLY___ ═
2024-09-03 13:24:04,880 INFO     ___FILE_ONLY___ ═
2024-09-03 13:24:04,882 INFO     ___FILE_ONLY___ ═
2024-09-03 13:24:04,883 INFO     ___FILE_ONLY___ ═
2024-09-03 13:24:04,885 INFO     ___FILE_ONLY___ ═
2024-09-03 13:24:04,886 INFO     ___FILE_ONLY___ ═
2024-09-03 13:24:04,888 INFO     ___FILE_ONLY___ ═
2024-09-03 13:24:04,890 INFO     ___FILE_ONLY___ ═
2024-09-03 13:24:04,891 INFO     ___FILE_ONLY___ ═
2024-09-03 13:24:04,893 INFO     ___FILE_ONLY___ ═
2024-09-03 13:24:04,894 INFO     ___FILE_ONLY___ ═
2024-09-03 13:24:04,896 INFO     ___FILE_ONLY___ ═
2024-09-03 13:24:04,897 INFO     ___FILE_ONLY___ ═
2024-09-03 13:24:04,899 INFO     ___FILE_ONLY___ ═
2024-09-03 13:24:04,901 INFO     ___FILE_ONLY___ ═
2024-09-03 13:24:04,902 INFO     ___FILE_ONLY___ ═
2024-09-03 13:24:04,904 INFO     ___FILE_ONLY___ ═
2024-09-03 13:24:04,905 INFO     ___FILE_ONLY___ ═
2024-09-03 13:24:04,907 INFO     ___FILE_ONLY___ ═
2024-09-03 13:24:04,908 INFO     ___FILE_ONLY___ ═
2024-09-03 13:24:04,910 INFO     ___FILE_ONLY___ ═
2024-09-03 13:24:04,911 INFO     ___FILE_ONLY___ ═
2024-09-03 13:24:04,913 INFO     ___FILE_ONLY___ ═
2024-09-03 13:24:04,914 INFO     ___FILE_ONLY___ ═
2024-09-03 13:24:04,916 INFO     ___FILE_ONLY___ ═
2024-09-03 13:24:04,917 INFO     ___FILE_ONLY___ ═
2024-09-03 13:24:04,919 INFO     ___FILE_ONLY___ ═
2024-09-03 13:24:04,920 INFO     ___FILE_ONLY___ ═
2024-09-03 13:24:04,922 INFO     ___FILE_ONLY___ ═
2024-09-03 13:24:04,923 INFO     ___FILE_ONLY___ ═
2024-09-03 13:24:04,925 INFO     ___FILE_ONLY___ ═
2024-09-03 13:24:04,927 INFO     ___FILE_ONLY___ ═
2024-09-03 13:24:04,929 INFO     ___FILE_ONLY___ ═
2024-09-03 13:24:04,930 INFO     ___FILE_ONLY___ ═
2024-09-03 13:24:04,932 INFO     ___FILE_ONLY___ ═
2024-09-03 13:24:04,934 INFO     ___FILE_ONLY___ ═
2024-09-03 13:24:04,935 INFO     ___FILE_ONLY___ ═
2024-09-03 13:24:04,937 INFO     ___FILE_ONLY___ ═
2024-09-03 13:24:04,939 INFO     ___FILE_ONLY___ ═
2024-09-03 13:24:04,941 INFO     ___FILE_ONLY___ ═
2024-09-03 13:24:04,942 INFO     ___FILE_ONLY___ ═
2024-09-03 13:24:04,944 INFO     ___FILE_ONLY___ ═
2024-09-03 13:24:04,945 INFO     ___FILE_ONLY___ ═
2024-09-03 13:24:04,947 INFO     ___FILE_ONLY___ ═
2024-09-03 13:24:04,948 INFO     ___FILE_ONLY___ ═
2024-09-03 13:24:04,950 INFO     ___FILE_ONLY___ ═
2024-09-03 13:24:04,951 INFO     ___FILE_ONLY___ ═
2024-09-03 13:24:04,953 INFO     ___FILE_ONLY___ ═
2024-09-03 13:24:04,954 INFO     ___FILE_ONLY___ ═
2024-09-03 13:24:04,956 INFO     ___FILE_ONLY___ ═
2024-09-03 13:24:04,958 INFO     ___FILE_ONLY___ ═
2024-09-03 13:24:04,959 INFO     ___FILE_ONLY___ ═
2024-09-03 13:24:04,961 INFO     ___FILE_ONLY___ ═
2024-09-03 13:24:04,962 INFO     ___FILE_ONLY___ ═
2024-09-03 13:24:04,962 INFO     ___FILE_ONLY___ ╝

2024-09-03 13:24:04,964 INFO     ___FILE_ONLY___ ╔════════════════════════════════════════════════════════════╗

2024-09-03 13:24:04,965 INFO     ___FILE_ONLY___ ╠═ Downloading: Cloud Storage Command Line Tool             ═╣

2024-09-03 13:24:04,965 INFO     ___FILE_ONLY___ ╚
2024-09-03 13:24:04,973 DEBUG    urllib3.connectionpool Starting new HTTPS connection (1): dl.google.com:443
2024-09-03 13:24:05,030 DEBUG    urllib3.connectionpool https://dl.google.com:443 "GET /dl/cloudsdk/channels/rapid/components/google-cloud-sdk-gsutil-20240614142823.tar.gz HTTP/1.1" 200 11883175
2024-09-03 13:24:05,080 INFO     ___FILE_ONLY___ ═
2024-09-03 13:24:05,081 INFO     ___FILE_ONLY___ ═
2024-09-03 13:24:05,082 INFO     ___FILE_ONLY___ ═
2024-09-03 13:24:05,083 INFO     ___FILE_ONLY___ ═
2024-09-03 13:24:05,084 INFO     ___FILE_ONLY___ ═
2024-09-03 13:24:05,085 INFO     ___FILE_ONLY___ ═
2024-09-03 13:24:05,086 INFO     ___FILE_ONLY___ ═
2024-09-03 13:24:05,086 INFO     ___FILE_ONLY___ ═
2024-09-03 13:24:05,087 INFO     ___FILE_ONLY___ ═
2024-09-03 13:24:05,088 INFO     ___FILE_ONLY___ ═
2024-09-03 13:24:05,089 INFO     ___FILE_ONLY___ ═
2024-09-03 13:24:05,090 INFO     ___FILE_ONLY___ ═
2024-09-03 13:24:05,090 INFO     ___FILE_ONLY___ ═
2024-09-03 13:24:05,091 INFO     ___FILE_ONLY___ ═
2024-09-03 13:24:05,091 INFO     ___FILE_ONLY___ ═
2024-09-03 13:24:05,092 INFO     ___FILE_ONLY___ ═
2024-09-03 13:24:05,093 INFO     ___FILE_ONLY___ ═
2024-09-03 13:24:05,094 INFO     ___FILE_ONLY___ ═
2024-09-03 13:24:05,094 INFO     ___FILE_ONLY___ ═
2024-09-03 13:24:05,095 INFO     ___FILE_ONLY___ ═
2024-09-03 13:24:05,096 INFO     ___FILE_ONLY___ ═
2024-09-03 13:24:05,097 INFO     ___FILE_ONLY___ ═
2024-09-03 13:24:05,098 INFO     ___FILE_ONLY___ ═
2024-09-03 13:24:05,099 INFO     ___FILE_ONLY___ ═
2024-09-03 13:24:05,100 INFO     ___FILE_ONLY___ ═
2024-09-03 13:24:05,101 INFO     ___FILE_ONLY___ ═
2024-09-03 13:24:05,101 INFO     ___FILE_ONLY___ ═
2024-09-03 13:24:05,102 INFO     ___FILE_ONLY___ ═
2024-09-03 13:24:05,103 INFO     ___FILE_ONLY___ ═
2024-09-03 13:24:05,104 INFO     ___FILE_ONLY___ ═
2024-09-03 13:24:05,105 INFO     ___FILE_ONLY___ ═
2024-09-03 13:24:05,105 INFO     ___FILE_ONLY___ ═
2024-09-03 13:24:05,106 INFO     ___FILE_ONLY___ ═
2024-09-03 13:24:05,107 INFO     ___FILE_ONLY___ ═
2024-09-03 13:24:05,107 INFO     ___FILE_ONLY___ ═
2024-09-03 13:24:05,108 INFO     ___FILE_ONLY___ ═
2024-09-03 13:24:05,109 INFO     ___FILE_ONLY___ ═
2024-09-03 13:24:05,109 INFO     ___FILE_ONLY___ ═
2024-09-03 13:24:05,110 INFO     ___FILE_ONLY___ ═
2024-09-03 13:24:05,110 INFO     ___FILE_ONLY___ ═
2024-09-03 13:24:05,111 INFO     ___FILE_ONLY___ ═
2024-09-03 13:24:05,112 INFO     ___FILE_ONLY___ ═
2024-09-03 13:24:05,112 INFO     ___FILE_ONLY___ ═
2024-09-03 13:24:05,113 INFO     ___FILE_ONLY___ ═
2024-09-03 13:24:05,114 INFO     ___FILE_ONLY___ ═
2024-09-03 13:24:05,114 INFO     ___FILE_ONLY___ ═
2024-09-03 13:24:05,115 INFO     ___FILE_ONLY___ ═
2024-09-03 13:24:05,115 INFO     ___FILE_ONLY___ ═
2024-09-03 13:24:05,116 INFO     ___FILE_ONLY___ ═
2024-09-03 13:24:05,116 INFO     ___FILE_ONLY___ ═
2024-09-03 13:24:05,117 INFO     ___FILE_ONLY___ ═
2024-09-03 13:24:05,117 INFO     ___FILE_ONLY___ ═
2024-09-03 13:24:05,118 INFO     ___FILE_ONLY___ ═
2024-09-03 13:24:05,118 INFO     ___FILE_ONLY___ ═
2024-09-03 13:24:05,119 INFO     ___FILE_ONLY___ ═
2024-09-03 13:24:05,119 INFO     ___FILE_ONLY___ ═
2024-09-03 13:24:05,119 INFO     ___FILE_ONLY___ ═
2024-09-03 13:24:05,120 INFO     ___FILE_ONLY___ ═
2024-09-03 13:24:05,120 INFO     ___FILE_ONLY___ ═
2024-09-03 13:24:05,120 INFO     ___FILE_ONLY___ ═
2024-09-03 13:24:05,120 INFO     ___FILE_ONLY___ ╝

2024-09-03 13:24:05,123 INFO     ___FILE_ONLY___ ╔════════════════════════════════════════════════════════════╗

2024-09-03 13:24:05,123 INFO     ___FILE_ONLY___ ╠═ Downloading: Cloud Storage Command Line Tool (Platfor... ═╣

2024-09-03 13:24:05,123 INFO     ___FILE_ONLY___ ╚
2024-09-03 13:24:05,126 DEBUG    urllib3.connectionpool Starting new HTTPS connection (1): dl.google.com:443
2024-09-03 13:24:05,183 DEBUG    urllib3.connectionpool https://dl.google.com:443 "GET /dl/cloudsdk/channels/rapid/components/google-cloud-sdk-gsutil-nix-20240106004423.tar.gz HTTP/1.1" 200 2042
2024-09-03 13:24:05,183 INFO     ___FILE_ONLY___ ════════════════════════════════════════════════════════════
2024-09-03 13:24:05,183 INFO     ___FILE_ONLY___ ╝

2024-09-03 13:24:05,185 INFO     ___FILE_ONLY___ ╔════════════════════════════════════════════════════════════╗

2024-09-03 13:24:05,185 INFO     ___FILE_ONLY___ ╠═ Downloading: Default set of gcloud commands              ═╣

2024-09-03 13:24:05,185 INFO     ___FILE_ONLY___ ╚
2024-09-03 13:24:05,185 INFO     ___FILE_ONLY___ ════════════════════════════════════════════════════════════
2024-09-03 13:24:05,185 INFO     ___FILE_ONLY___ ╝

2024-09-03 13:24:05,187 INFO     ___FILE_ONLY___ ╔════════════════════════════════════════════════════════════╗

2024-09-03 13:24:05,187 INFO     ___FILE_ONLY___ ╠═ Downloading: Google Cloud CLI Core Libraries (Platfor... ═╣

2024-09-03 13:24:05,187 INFO     ___FILE_ONLY___ ╚
2024-09-03 13:24:05,190 DEBUG    urllib3.connectionpool Starting new HTTPS connection (1): dl.google.com:443
2024-09-03 13:24:05,247 DEBUG    urllib3.connectionpool https://dl.google.com:443 "GET /dl/cloudsdk/channels/rapid/components/google-cloud-sdk-core-nix-20240106004423.tar.gz HTTP/1.1" 200 2410
2024-09-03 13:24:05,248 INFO     ___FILE_ONLY___ ════════════════════════════════════════════════════════════
2024-09-03 13:24:05,248 INFO     ___FILE_ONLY___ ╝

2024-09-03 13:24:05,250 INFO     ___FILE_ONLY___ ╔════════════════════════════════════════════════════════════╗

2024-09-03 13:24:05,250 INFO     ___FILE_ONLY___ ╠═ Downloading: Google Cloud CRC32C Hash Tool               ═╣

2024-09-03 13:24:05,250 INFO     ___FILE_ONLY___ ╚
2024-09-03 13:24:05,250 INFO     ___FILE_ONLY___ ════════════════════════════════════════════════════════════
2024-09-03 13:24:05,250 INFO     ___FILE_ONLY___ ╝

2024-09-03 13:24:05,252 INFO     ___FILE_ONLY___ ╔════════════════════════════════════════════════════════════╗

2024-09-03 13:24:05,252 INFO     ___FILE_ONLY___ ╠═ Downloading: Google Cloud CRC32C Hash Tool (Platform ... ═╣

2024-09-03 13:24:05,252 INFO     ___FILE_ONLY___ ╚
2024-09-03 13:24:05,255 DEBUG    urllib3.connectionpool Starting new HTTPS connection (1): dl.google.com:443
2024-09-03 13:24:05,311 DEBUG    urllib3.connectionpool https://dl.google.com:443 "GET /dl/cloudsdk/channels/rapid/components/google-cloud-sdk-gcloud-crc32c-linux-x86_64-20240712142834.tar.gz HTTP/1.1" 200 1350263
2024-09-03 13:24:05,321 INFO     ___FILE_ONLY___ ═
2024-09-03 13:24:05,321 INFO     ___FILE_ONLY___ ═
2024-09-03 13:24:05,321 INFO     ___FILE_ONLY___ ═
2024-09-03 13:24:05,321 INFO     ___FILE_ONLY___ ═
2024-09-03 13:24:05,321 INFO     ___FILE_ONLY___ ═
2024-09-03 13:24:05,322 INFO     ___FILE_ONLY___ ═
2024-09-03 13:24:05,322 INFO     ___FILE_ONLY___ ═
2024-09-03 13:24:05,322 INFO     ___FILE_ONLY___ ═
2024-09-03 13:24:05,322 INFO     ___FILE_ONLY___ ═
2024-09-03 13:24:05,322 INFO     ___FILE_ONLY___ ═
2024-09-03 13:24:05,322 INFO     ___FILE_ONLY___ ═
2024-09-03 13:24:05,322 INFO     ___FILE_ONLY___ ═
2024-09-03 13:24:05,322 INFO     ___FILE_ONLY___ ═
2024-09-03 13:24:05,322 INFO     ___FILE_ONLY___ ═
2024-09-03 13:24:05,322 INFO     ___FILE_ONLY___ ═
2024-09-03 13:24:05,322 INFO     ___FILE_ONLY___ ═
2024-09-03 13:24:05,323 INFO     ___FILE_ONLY___ ═
2024-09-03 13:24:05,323 INFO     ___FILE_ONLY___ ═
2024-09-03 13:24:05,323 INFO     ___FILE_ONLY___ ═
2024-09-03 13:24:05,323 INFO     ___FILE_ONLY___ ═
2024-09-03 13:24:05,323 INFO     ___FILE_ONLY___ ═
2024-09-03 13:24:05,323 INFO     ___FILE_ONLY___ ═
2024-09-03 13:24:05,323 INFO     ___FILE_ONLY___ ═
2024-09-03 13:24:05,323 INFO     ___FILE_ONLY___ ═
2024-09-03 13:24:05,323 INFO     ___FILE_ONLY___ ═
2024-09-03 13:24:05,323 INFO     ___FILE_ONLY___ ═
2024-09-03 13:24:05,323 INFO     ___FILE_ONLY___ ═
2024-09-03 13:24:05,324 INFO     ___FILE_ONLY___ ═
2024-09-03 13:24:05,324 INFO     ___FILE_ONLY___ ═
2024-09-03 13:24:05,324 INFO     ___FILE_ONLY___ ═
2024-09-03 13:24:05,324 INFO     ___FILE_ONLY___ ═
2024-09-03 13:24:05,324 INFO     ___FILE_ONLY___ ═
2024-09-03 13:24:05,324 INFO     ___FILE_ONLY___ ═
2024-09-03 13:24:05,324 INFO     ___FILE_ONLY___ ═
2024-09-03 13:24:05,324 INFO     ___FILE_ONLY___ ═
2024-09-03 13:24:05,324 INFO     ___FILE_ONLY___ ═
2024-09-03 13:24:05,324 INFO     ___FILE_ONLY___ ═
2024-09-03 13:24:05,324 INFO     ___FILE_ONLY___ ═
2024-09-03 13:24:05,325 INFO     ___FILE_ONLY___ ═
2024-09-03 13:24:05,325 INFO     ___FILE_ONLY___ ═
2024-09-03 13:24:05,325 INFO     ___FILE_ONLY___ ═
2024-09-03 13:24:05,325 INFO     ___FILE_ONLY___ ═
2024-09-03 13:24:05,325 INFO     ___FILE_ONLY___ ═
2024-09-03 13:24:05,325 INFO     ___FILE_ONLY___ ═
2024-09-03 13:24:05,325 INFO     ___FILE_ONLY___ ═
2024-09-03 13:24:05,325 INFO     ___FILE_ONLY___ ═
2024-09-03 13:24:05,325 INFO     ___FILE_ONLY___ ═
2024-09-03 13:24:05,325 INFO     ___FILE_ONLY___ ═
2024-09-03 13:24:05,326 INFO     ___FILE_ONLY___ ═
2024-09-03 13:24:05,326 INFO     ___FILE_ONLY___ ═
2024-09-03 13:24:05,326 INFO     ___FILE_ONLY___ ═
2024-09-03 13:24:05,326 INFO     ___FILE_ONLY___ ═
2024-09-03 13:24:05,326 INFO     ___FILE_ONLY___ ═
2024-09-03 13:24:05,326 INFO     ___FILE_ONLY___ ═
2024-09-03 13:24:05,326 INFO     ___FILE_ONLY___ ═
2024-09-03 13:24:05,326 INFO     ___FILE_ONLY___ ═
2024-09-03 13:24:05,326 INFO     ___FILE_ONLY___ ═
2024-09-03 13:24:05,326 INFO     ___FILE_ONLY___ ═
2024-09-03 13:24:05,326 INFO     ___FILE_ONLY___ ═
2024-09-03 13:24:05,327 INFO     ___FILE_ONLY___ ═
2024-09-03 13:24:05,327 INFO     ___FILE_ONLY___ ╝

2024-09-03 13:24:05,328 INFO     ___FILE_ONLY___ ╔════════════════════════════════════════════════════════════╗

2024-09-03 13:24:05,329 INFO     ___FILE_ONLY___ ╠═ Downloading: gcloud cli dependencies (Platform Specific) ═╣

2024-09-03 13:24:05,329 INFO     ___FILE_ONLY___ ╚
2024-09-03 13:24:05,331 DEBUG    urllib3.connectionpool Starting new HTTPS connection (1): dl.google.com:443
2024-09-03 13:24:05,388 DEBUG    urllib3.connectionpool https://dl.google.com:443 "GET /dl/cloudsdk/channels/rapid/components/google-cloud-sdk-gcloud-deps-linux-x86_64-20210416153011.tar.gz HTTP/1.1" 200 104
2024-09-03 13:24:05,388 INFO     ___FILE_ONLY___ ════════════════════════════════════════════════════════════
2024-09-03 13:24:05,389 INFO     ___FILE_ONLY___ ╝

2024-09-03 13:24:05,390 INFO     ___FILE_ONLY___ ╔════════════════════════════════════════════════════════════╗

2024-09-03 13:24:05,391 INFO     ___FILE_ONLY___ ╠═ Installing: BigQuery Command Line Tool                   ═╣

2024-09-03 13:24:05,391 INFO     ___FILE_ONLY___ ╚
2024-09-03 13:24:05,512 INFO     ___FILE_ONLY___ ═
2024-09-03 13:24:05,514 INFO     ___FILE_ONLY___ ═
2024-09-03 13:24:05,517 INFO     ___FILE_ONLY___ ═
2024-09-03 13:24:05,519 INFO     ___FILE_ONLY___ ═
2024-09-03 13:24:05,522 INFO     ___FILE_ONLY___ ═
2024-09-03 13:24:05,524 INFO     ___FILE_ONLY___ ═
2024-09-03 13:24:05,526 INFO     ___FILE_ONLY___ ═
2024-09-03 13:24:05,529 INFO     ___FILE_ONLY___ ═
2024-09-03 13:24:05,531 INFO     ___FILE_ONLY___ ═
2024-09-03 13:24:05,533 INFO     ___FILE_ONLY___ ═
2024-09-03 13:24:05,535 INFO     ___FILE_ONLY___ ═
2024-09-03 13:24:05,537 INFO     ___FILE_ONLY___ ═
2024-09-03 13:24:05,539 INFO     ___FILE_ONLY___ ═
2024-09-03 13:24:05,541 INFO     ___FILE_ONLY___ ═
2024-09-03 13:24:05,544 INFO     ___FILE_ONLY___ ═
2024-09-03 13:24:05,546 INFO     ___FILE_ONLY___ ═
2024-09-03 13:24:05,548 INFO     ___FILE_ONLY___ ═
2024-09-03 13:24:05,551 INFO     ___FILE_ONLY___ ═
2024-09-03 13:24:05,554 INFO     ___FILE_ONLY___ ═
2024-09-03 13:24:05,556 INFO     ___FILE_ONLY___ ═
2024-09-03 13:24:05,558 INFO     ___FILE_ONLY___ ═
2024-09-03 13:24:05,560 INFO     ___FILE_ONLY___ ═
2024-09-03 13:24:05,562 INFO     ___FILE_ONLY___ ═
2024-09-03 13:24:05,564 INFO     ___FILE_ONLY___ ═
2024-09-03 13:24:05,566 INFO     ___FILE_ONLY___ ═
2024-09-03 13:24:05,568 INFO     ___FILE_ONLY___ ═
2024-09-03 13:24:05,570 INFO     ___FILE_ONLY___ ═
2024-09-03 13:24:05,574 INFO     ___FILE_ONLY___ ═
2024-09-03 13:24:05,576 INFO     ___FILE_ONLY___ ═
2024-09-03 13:24:05,578 INFO     ___FILE_ONLY___ ═
2024-09-03 13:24:05,580 INFO     ___FILE_ONLY___ ═
2024-09-03 13:24:05,582 INFO     ___FILE_ONLY___ ═
2024-09-03 13:24:05,585 INFO     ___FILE_ONLY___ ═
2024-09-03 13:24:05,589 INFO     ___FILE_ONLY___ ═
2024-09-03 13:24:05,597 INFO     ___FILE_ONLY___ ═
2024-09-03 13:24:05,598 INFO     ___FILE_ONLY___ ═
2024-09-03 13:24:05,602 INFO     ___FILE_ONLY___ ═
2024-09-03 13:24:05,606 INFO     ___FILE_ONLY___ ═
2024-09-03 13:24:05,609 INFO     ___FILE_ONLY___ ═
2024-09-03 13:24:05,611 INFO     ___FILE_ONLY___ ═
2024-09-03 13:24:05,613 INFO     ___FILE_ONLY___ ═
2024-09-03 13:24:05,616 INFO     ___FILE_ONLY___ ═
2024-09-03 13:24:05,620 INFO     ___FILE_ONLY___ ═
2024-09-03 13:24:05,622 INFO     ___FILE_ONLY___ ═
2024-09-03 13:24:05,624 INFO     ___FILE_ONLY___ ═
2024-09-03 13:24:05,626 INFO     ___FILE_ONLY___ ═
2024-09-03 13:24:05,628 INFO     ___FILE_ONLY___ ═
2024-09-03 13:24:05,630 INFO     ___FILE_ONLY___ ═
2024-09-03 13:24:05,633 INFO     ___FILE_ONLY___ ═
2024-09-03 13:24:05,635 INFO     ___FILE_ONLY___ ═
2024-09-03 13:24:05,637 INFO     ___FILE_ONLY___ ═
2024-09-03 13:24:05,639 INFO     ___FILE_ONLY___ ═
2024-09-03 13:24:05,641 INFO     ___FILE_ONLY___ ═
2024-09-03 13:24:05,643 INFO     ___FILE_ONLY___ ═
2024-09-03 13:24:05,646 INFO     ___FILE_ONLY___ ═
2024-09-03 13:24:05,647 INFO     ___FILE_ONLY___ ═
2024-09-03 13:24:05,649 INFO     ___FILE_ONLY___ ═
2024-09-03 13:24:05,652 INFO     ___FILE_ONLY___ ═
2024-09-03 13:24:05,653 INFO     ___FILE_ONLY___ ═
2024-09-03 13:24:05,656 INFO     ___FILE_ONLY___ ═
2024-09-03 13:24:05,656 INFO     ___FILE_ONLY___ ╝

2024-09-03 13:24:05,671 INFO     ___FILE_ONLY___ ╔════════════════════════════════════════════════════════════╗

2024-09-03 13:24:05,671 INFO     ___FILE_ONLY___ ╠═ Installing: BigQuery Command Line Tool (Platform Spec... ═╣

2024-09-03 13:24:05,671 INFO     ___FILE_ONLY___ ╚
2024-09-03 13:24:05,672 INFO     ___FILE_ONLY___ ════════════════════════════════════════════════════════════
2024-09-03 13:24:05,672 INFO     ___FILE_ONLY___ ╝

2024-09-03 13:24:05,679 INFO     ___FILE_ONLY___ ╔════════════════════════════════════════════════════════════╗

2024-09-03 13:24:05,679 INFO     ___FILE_ONLY___ ╠═ Installing: Bundled Python 3.11                          ═╣

2024-09-03 13:24:05,679 INFO     ___FILE_ONLY___ ╚
2024-09-03 13:24:05,684 INFO     ___FILE_ONLY___ ════════════════════════════════════════════════════════════
2024-09-03 13:24:05,684 INFO     ___FILE_ONLY___ ╝

2024-09-03 13:24:05,686 INFO     ___FILE_ONLY___ ╔════════════════════════════════════════════════════════════╗

2024-09-03 13:24:05,686 INFO     ___FILE_ONLY___ ╠═ Installing: Bundled Python 3.11 (Platform Specific)      ═╣

2024-09-03 13:24:05,686 INFO     ___FILE_ONLY___ ╚
2024-09-03 13:24:07,739 INFO     ___FILE_ONLY___ ═
2024-09-03 13:24:07,752 INFO     ___FILE_ONLY___ ═
2024-09-03 13:24:07,764 INFO     ___FILE_ONLY___ ═
2024-09-03 13:24:07,779 INFO     ___FILE_ONLY___ ═
2024-09-03 13:24:07,791 INFO     ___FILE_ONLY___ ═
2024-09-03 13:24:07,804 INFO     ___FILE_ONLY___ ═
2024-09-03 13:24:07,817 INFO     ___FILE_ONLY___ ═
2024-09-03 13:24:07,831 INFO     ___FILE_ONLY___ ═
2024-09-03 13:24:07,843 INFO     ___FILE_ONLY___ ═
2024-09-03 13:24:07,856 INFO     ___FILE_ONLY___ ═
2024-09-03 13:24:07,869 INFO     ___FILE_ONLY___ ═
2024-09-03 13:24:07,882 INFO     ___FILE_ONLY___ ═
2024-09-03 13:24:07,894 INFO     ___FILE_ONLY___ ═
2024-09-03 13:24:07,906 INFO     ___FILE_ONLY___ ═
2024-09-03 13:24:07,919 INFO     ___FILE_ONLY___ ═
2024-09-03 13:24:07,931 INFO     ___FILE_ONLY___ ═
2024-09-03 13:24:07,943 INFO     ___FILE_ONLY___ ═
2024-09-03 13:24:07,958 INFO     ___FILE_ONLY___ ═
2024-09-03 13:24:07,971 INFO     ___FILE_ONLY___ ═
2024-09-03 13:24:07,983 INFO     ___FILE_ONLY___ ═
2024-09-03 13:24:07,995 INFO     ___FILE_ONLY___ ═
2024-09-03 13:24:08,008 INFO     ___FILE_ONLY___ ═
2024-09-03 13:24:08,021 INFO     ___FILE_ONLY___ ═
2024-09-03 13:24:08,033 INFO     ___FILE_ONLY___ ═
2024-09-03 13:24:08,045 INFO     ___FILE_ONLY___ ═
2024-09-03 13:24:08,058 INFO     ___FILE_ONLY___ ═
2024-09-03 13:24:08,070 INFO     ___FILE_ONLY___ ═
2024-09-03 13:24:08,084 INFO     ___FILE_ONLY___ ═
2024-09-03 13:24:08,097 INFO     ___FILE_ONLY___ ═
2024-09-03 13:24:08,110 INFO     ___FILE_ONLY___ ═
2024-09-03 13:24:08,122 INFO     ___FILE_ONLY___ ═
2024-09-03 13:24:08,135 INFO     ___FILE_ONLY___ ═
2024-09-03 13:24:08,148 INFO     ___FILE_ONLY___ ═
2024-09-03 13:24:08,164 INFO     ___FILE_ONLY___ ═
2024-09-03 13:24:08,531 INFO     ___FILE_ONLY___ ═
2024-09-03 13:24:08,559 INFO     ___FILE_ONLY___ ═
2024-09-03 13:24:08,577 INFO     ___FILE_ONLY___ ═
2024-09-03 13:24:08,595 INFO     ___FILE_ONLY___ ═
2024-09-03 13:24:08,615 INFO     ___FILE_ONLY___ ═
2024-09-03 13:24:08,642 INFO     ___FILE_ONLY___ ═
2024-09-03 13:24:08,663 INFO     ___FILE_ONLY___ ═
2024-09-03 13:24:08,683 INFO     ___FILE_ONLY___ ═
2024-09-03 13:24:08,807 INFO     ___FILE_ONLY___ ═
2024-09-03 13:24:08,825 INFO     ___FILE_ONLY___ ═
2024-09-03 13:24:08,907 INFO     ___FILE_ONLY___ ═
2024-09-03 13:24:08,924 INFO     ___FILE_ONLY___ ═
2024-09-03 13:24:08,943 INFO     ___FILE_ONLY___ ═
2024-09-03 13:24:08,962 INFO     ___FILE_ONLY___ ═
2024-09-03 13:24:08,984 INFO     ___FILE_ONLY___ ═
2024-09-03 13:24:09,006 INFO     ___FILE_ONLY___ ═
2024-09-03 13:24:09,030 INFO     ___FILE_ONLY___ ═
2024-09-03 13:24:09,071 INFO     ___FILE_ONLY___ ═
2024-09-03 13:24:09,089 INFO     ___FILE_ONLY___ ═
2024-09-03 13:24:09,107 INFO     ___FILE_ONLY___ ═
2024-09-03 13:24:09,127 INFO     ___FILE_ONLY___ ═
2024-09-03 13:24:09,151 INFO     ___FILE_ONLY___ ═
2024-09-03 13:24:09,177 INFO     ___FILE_ONLY___ ═
2024-09-03 13:24:10,198 INFO     ___FILE_ONLY___ ═
2024-09-03 13:24:10,213 INFO     ___FILE_ONLY___ ═
2024-09-03 13:24:10,228 INFO     ___FILE_ONLY___ ═
2024-09-03 13:24:10,228 INFO     ___FILE_ONLY___ ╝

2024-09-03 13:24:10,329 INFO     ___FILE_ONLY___ ╔════════════════════════════════════════════════════════════╗

2024-09-03 13:24:10,329 INFO     ___FILE_ONLY___ ╠═ Installing: Cloud Storage Command Line Tool              ═╣

2024-09-03 13:24:10,329 INFO     ___FILE_ONLY___ ╚
2024-09-03 13:24:11,009 INFO     ___FILE_ONLY___ ═
2024-09-03 13:24:11,021 INFO     ___FILE_ONLY___ ═
2024-09-03 13:24:11,034 INFO     ___FILE_ONLY___ ═
2024-09-03 13:24:11,052 INFO     ___FILE_ONLY___ ═
2024-09-03 13:24:11,068 INFO     ___FILE_ONLY___ ═
2024-09-03 13:24:11,084 INFO     ___FILE_ONLY___ ═
2024-09-03 13:24:11,097 INFO     ___FILE_ONLY___ ═
2024-09-03 13:24:11,119 INFO     ___FILE_ONLY___ ═
2024-09-03 13:24:11,132 INFO     ___FILE_ONLY___ ═
2024-09-03 13:24:11,142 INFO     ___FILE_ONLY___ ═
2024-09-03 13:24:11,153 INFO     ___FILE_ONLY___ ═
2024-09-03 13:24:11,190 INFO     ___FILE_ONLY___ ═
2024-09-03 13:24:11,200 INFO     ___FILE_ONLY___ ═
2024-09-03 13:24:11,213 INFO     ___FILE_ONLY___ ═
2024-09-03 13:24:11,226 INFO     ___FILE_ONLY___ ═
2024-09-03 13:24:11,235 INFO     ___FILE_ONLY___ ═
2024-09-03 13:24:11,245 INFO     ___FILE_ONLY___ ═
2024-09-03 13:24:11,256 INFO     ___FILE_ONLY___ ═
2024-09-03 13:24:11,265 INFO     ___FILE_ONLY___ ═
2024-09-03 13:24:11,277 INFO     ___FILE_ONLY___ ═
2024-09-03 13:24:11,287 INFO     ___FILE_ONLY___ ═
2024-09-03 13:24:11,297 INFO     ___FILE_ONLY___ ═
2024-09-03 13:24:11,307 INFO     ___FILE_ONLY___ ═
2024-09-03 13:24:11,320 INFO     ___FILE_ONLY___ ═
2024-09-03 13:24:11,330 INFO     ___FILE_ONLY___ ═
2024-09-03 13:24:11,342 INFO     ___FILE_ONLY___ ═
2024-09-03 13:24:11,355 INFO     ___FILE_ONLY___ ═
2024-09-03 13:24:11,368 INFO     ___FILE_ONLY___ ═
2024-09-03 13:24:11,380 INFO     ___FILE_ONLY___ ═
2024-09-03 13:24:11,398 INFO     ___FILE_ONLY___ ═
2024-09-03 13:24:11,409 INFO     ___FILE_ONLY___ ═
2024-09-03 13:24:11,421 INFO     ___FILE_ONLY___ ═
2024-09-03 13:24:11,431 INFO     ___FILE_ONLY___ ═
2024-09-03 13:24:11,447 INFO     ___FILE_ONLY___ ═
2024-09-03 13:24:11,458 INFO     ___FILE_ONLY___ ═
2024-09-03 13:24:11,470 INFO     ___FILE_ONLY___ ═
2024-09-03 13:24:11,484 INFO     ___FILE_ONLY___ ═
2024-09-03 13:24:11,500 INFO     ___FILE_ONLY___ ═
2024-09-03 13:24:11,514 INFO     ___FILE_ONLY___ ═
2024-09-03 13:24:11,531 INFO     ___FILE_ONLY___ ═
2024-09-03 13:24:11,544 INFO     ___FILE_ONLY___ ═
2024-09-03 13:24:11,555 INFO     ___FILE_ONLY___ ═
2024-09-03 13:24:11,566 INFO     ___FILE_ONLY___ ═
2024-09-03 13:24:11,579 INFO     ___FILE_ONLY___ ═
2024-09-03 13:24:11,592 INFO     ___FILE_ONLY___ ═
2024-09-03 13:24:11,606 INFO     ___FILE_ONLY___ ═
2024-09-03 13:24:11,620 INFO     ___FILE_ONLY___ ═
2024-09-03 13:24:11,632 INFO     ___FILE_ONLY___ ═
2024-09-03 13:24:11,646 INFO     ___FILE_ONLY___ ═
2024-09-03 13:24:11,658 INFO     ___FILE_ONLY___ ═
2024-09-03 13:24:11,667 INFO     ___FILE_ONLY___ ═
2024-09-03 13:24:11,679 INFO     ___FILE_ONLY___ ═
2024-09-03 13:24:11,690 INFO     ___FILE_ONLY___ ═
2024-09-03 13:24:11,700 INFO     ___FILE_ONLY___ ═
2024-09-03 13:24:11,710 INFO     ___FILE_ONLY___ ═
2024-09-03 13:24:11,720 INFO     ___FILE_ONLY___ ═
2024-09-03 13:24:11,729 INFO     ___FILE_ONLY___ ═
2024-09-03 13:24:11,749 INFO     ___FILE_ONLY___ ═
2024-09-03 13:24:11,765 INFO     ___FILE_ONLY___ ═
2024-09-03 13:24:11,781 INFO     ___FILE_ONLY___ ═
2024-09-03 13:24:11,781 INFO     ___FILE_ONLY___ ╝

2024-09-03 13:24:11,851 INFO     ___FILE_ONLY___ ╔════════════════════════════════════════════════════════════╗

2024-09-03 13:24:11,851 INFO     ___FILE_ONLY___ ╠═ Installing: Cloud Storage Command Line Tool (Platform... ═╣

2024-09-03 13:24:11,851 INFO     ___FILE_ONLY___ ╚
2024-09-03 13:24:11,852 INFO     ___FILE_ONLY___ ════════════════════════════════════════════════════════════
2024-09-03 13:24:11,852 INFO     ___FILE_ONLY___ ╝

2024-09-03 13:24:11,859 INFO     ___FILE_ONLY___ ╔════════════════════════════════════════════════════════════╗

2024-09-03 13:24:11,859 INFO     ___FILE_ONLY___ ╠═ Installing: Default set of gcloud commands               ═╣

2024-09-03 13:24:11,859 INFO     ___FILE_ONLY___ ╚
2024-09-03 13:24:11,864 INFO     ___FILE_ONLY___ ════════════════════════════════════════════════════════════
2024-09-03 13:24:11,864 INFO     ___FILE_ONLY___ ╝

2024-09-03 13:24:11,865 INFO     ___FILE_ONLY___ ╔════════════════════════════════════════════════════════════╗

2024-09-03 13:24:11,866 INFO     ___FILE_ONLY___ ╠═ Installing: Google Cloud CLI Core Libraries (Platform... ═╣

2024-09-03 13:24:11,866 INFO     ___FILE_ONLY___ ╚
2024-09-03 13:24:11,867 INFO     ___FILE_ONLY___ ══════════════════════════════
2024-09-03 13:24:11,867 INFO     ___FILE_ONLY___ ══════════════════════════════
2024-09-03 13:24:11,867 INFO     ___FILE_ONLY___ ╝

2024-09-03 13:24:11,874 INFO     ___FILE_ONLY___ ╔════════════════════════════════════════════════════════════╗

2024-09-03 13:24:11,874 INFO     ___FILE_ONLY___ ╠═ Installing: Google Cloud CRC32C Hash Tool                ═╣

2024-09-03 13:24:11,874 INFO     ___FILE_ONLY___ ╚
2024-09-03 13:24:11,879 INFO     ___FILE_ONLY___ ════════════════════════════════════════════════════════════
2024-09-03 13:24:11,879 INFO     ___FILE_ONLY___ ╝

2024-09-03 13:24:11,881 INFO     ___FILE_ONLY___ ╔════════════════════════════════════════════════════════════╗

2024-09-03 13:24:11,881 INFO     ___FILE_ONLY___ ╠═ Installing: Google Cloud CRC32C Hash Tool (Platform S... ═╣

2024-09-03 13:24:11,881 INFO     ___FILE_ONLY___ ╚
2024-09-03 13:24:11,914 INFO     ___FILE_ONLY___ ══════════════════════════════
2024-09-03 13:24:11,914 INFO     ___FILE_ONLY___ ══════════════════════════════
2024-09-03 13:24:11,914 INFO     ___FILE_ONLY___ ╝

2024-09-03 13:24:11,921 INFO     ___FILE_ONLY___ ╔════════════════════════════════════════════════════════════╗

2024-09-03 13:24:11,921 INFO     ___FILE_ONLY___ ╠═ Installing: gcloud cli dependencies (Platform Specific)  ═╣

2024-09-03 13:24:11,921 INFO     ___FILE_ONLY___ ╚
2024-09-03 13:24:11,921 INFO     ___FILE_ONLY___ ════════════════════════════════════════════════════════════
2024-09-03 13:24:11,921 INFO     ___FILE_ONLY___ ╝

2024-09-03 13:24:11,930 DEBUG    root            Updating notification cache...
2024-09-03 13:24:11,930 INFO     ___FILE_ONLY___ 

2024-09-03 13:24:11,932 INFO     ___FILE_ONLY___ Performing post processing steps...
2024-09-03 13:24:11,932 DEBUG    root            Executing command: ['/tools/google-cloud-sdk/bin/gcloud', 'components', 'post-process']
2024-09-03 13:24:22,294 DEBUG    ___FILE_ONLY___ 
2024-09-03 13:24:22,294 DEBUG    ___FILE_ONLY___ 
2024-09-03 13:24:22,468 INFO     ___FILE_ONLY___ 
Update done!


2024-09-03 13:24:22,476 DEBUG    root            Chosen display Format:none
2024-09-03 13:24:22,477 INFO     root            Display format: "none"
